<?xml version="1.0" encoding="UTF-8"?>
<!-- Generated by org.testng.reporters.JUnitXMLReporter -->
<testsuite ignored="0" hostname="DESKTOP-JHL12B1" failures="1" tests="1" name="Test" time="122.893" errors="0" timestamp="2025-06-13T17:06:21 IST">
  <testcase classname="tests.TeleConE2ETest" name="medicoPositiveFlow" time="122.87">
    <failure type="org.openqa.selenium.TimeoutException" message="Expected condition failed: waiting for element to be clickable: AppiumBy.accessibilityId: Next (tried for 20 second(s) with 500 milliseconds interval)
Build info: version: &amp;apos;4.33.0&amp;apos;, revision: &amp;apos;2c6aaad03a&amp;apos;
System info: os.name: &amp;apos;Windows 11&amp;apos;, os.arch: &amp;apos;amd64&amp;apos;, os.version: &amp;apos;10.0&amp;apos;, java.version: &amp;apos;24.0.1&amp;apos;
Driver info: io.appium.java_client.android.AndroidDriver
Capabilities {appium:appActivity: com.manastik.dadt.MainActivity, appium:appPackage: com.manastik.dadt, appium:autoGrantPermissions: true, appium:automationName: UIAutomator2, appium:databaseEnabled: false, appium:desired: {appActivity: com.manastik.dadt.MainActivity, appPackage: com.manastik.dadt, autoGrantPermissions: true, automationName: UIAutomator2, noReset: false, platformName: ANDROID, systemPort: 8100, udid: emulator-5556}, appium:deviceApiLevel: 36, appium:deviceManufacturer: Google, appium:deviceModel: sdk_gphone64_x86_64, appium:deviceName: emulator-5556, appium:deviceScreenDensity: 420, appium:deviceScreenSize: 1080x2400, appium:deviceUDID: emulator-5556, appium:javascriptEnabled: true, appium:locationContextEnabled: false, appium:networkConnectionEnabled: true, appium:noReset: false, appium:pixelRatio: 2.625, appium:platformVersion: 16, appium:statBarHeight: 132, appium:systemPort: 8100, appium:takesScreenshot: true, appium:udid: emulator-5556, appium:viewportRect: {height: 2268, left: 0, top: 132, width: 1080}, appium:warnings: {}, appium:webStorageEnabled: false, platformName: ANDROID}
Session ID: 8bb75310-89d6-4f70-8411-7a4df992dcee">
      <![CDATA[org.openqa.selenium.TimeoutException: Expected condition failed: waiting for element to be clickable: AppiumBy.accessibilityId: Next (tried for 20 second(s) with 500 milliseconds interval)
Build info: version: '4.33.0', revision: '2c6aaad03a'
System info: os.name: 'Windows 11', os.arch: 'amd64', os.version: '10.0', java.version: '24.0.1'
Driver info: io.appium.java_client.android.AndroidDriver
Capabilities {appium:appActivity: com.manastik.dadt.MainActivity, appium:appPackage: com.manastik.dadt, appium:autoGrantPermissions: true, appium:automationName: UIAutomator2, appium:databaseEnabled: false, appium:desired: {appActivity: com.manastik.dadt.MainActivity, appPackage: com.manastik.dadt, autoGrantPermissions: true, automationName: UIAutomator2, noReset: false, platformName: ANDROID, systemPort: 8100, udid: emulator-5556}, appium:deviceApiLevel: 36, appium:deviceManufacturer: Google, appium:deviceModel: sdk_gphone64_x86_64, appium:deviceName: emulator-5556, appium:deviceScreenDensity: 420, appium:deviceScreenSize: 1080x2400, appium:deviceUDID: emulator-5556, appium:javascriptEnabled: true, appium:locationContextEnabled: false, appium:networkConnectionEnabled: true, appium:noReset: false, appium:pixelRatio: 2.625, appium:platformVersion: 16, appium:statBarHeight: 132, appium:systemPort: 8100, appium:takesScreenshot: true, appium:udid: emulator-5556, appium:viewportRect: {height: 2268, left: 0, top: 132, width: 1080}, appium:warnings: {}, appium:webStorageEnabled: false, platformName: ANDROID}
Session ID: 8bb75310-89d6-4f70-8411-7a4df992dcee
at org.openqa.selenium.support.ui.WebDriverWait.timeoutException(WebDriverWait.java:84)
at org.openqa.selenium.support.ui.FluentWait.until(FluentWait.java:228)
at base.BasePage.waitForClickability(BasePage.java:29)
at base.BasePage.click(BasePage.java:33)
at page.medicoPages.MAppointmentDetailsPage.addAppointmentDetails(MAppointmentDetailsPage.java:51)
at tests.TeleConE2ETest.medicoPositiveFlow(TeleConE2ETest.java:96)
at java.base/java.util.ArrayList.forEach(ArrayList.java:1604)
... Removed 25 stack frames]]>
    </failure>
  </testcase> <!-- medicoPositiveFlow -->
</testsuite> <!-- Test -->
