<?xml version="1.0" encoding="UTF-8"?>
<testng-results ignored="0" total="1" passed="1" failed="0" skipped="0">
  <reporter-output>
  </reporter-output>
  <suite started-at="2025-05-20T11:52:10 IST" name="Default suite" finished-at="2025-05-20T11:54:13 IST" duration-ms="122830">
    <groups>
    </groups>
    <test started-at="2025-05-20T11:52:10 IST" name="Default test" finished-at="2025-05-20T11:54:13 IST" duration-ms="122830">
      <class name="tests.teleConE2ETest">
        <test-method is-config="true" signature="setup()[pri:0, instance:tests.teleConE2ETest@79079097]" started-at="2025-05-20T11:51:36 IST" name="setup" finished-at="2025-05-20T11:52:10 IST" duration-ms="34240" status="PASS">
          <reporter-output>
          </reporter-output>
        </test-method> <!-- setup -->
        <test-method signature="medicoPositiveFlow()[pri:0, instance:tests.teleConE2ETest@79079097]" started-at="2025-05-20T11:52:10 IST" name="medicoPositiveFlow" finished-at="2025-05-20T11:54:13 IST" duration-ms="122799" status="PASS">
          <reporter-output>
          </reporter-output>
        </test-method> <!-- medicoPositiveFlow -->
        <test-method is-config="true" signature="teardown()[pri:0, instance:tests.teleConE2ETest@79079097]" started-at="2025-05-20T11:54:13 IST" name="teardown" finished-at="2025-05-20T11:54:13 IST" duration-ms="11" status="PASS">
          <reporter-output>
          </reporter-output>
        </test-method> <!-- teardown -->
      </class> <!-- tests.teleConE2ETest -->
    </test> <!-- Default test -->
  </suite> <!-- Default suite -->
</testng-results>
