<?xml version="1.0" encoding="UTF-8"?>
<testng-results ignored="0" total="1" passed="1" failed="0" skipped="0">
  <reporter-output>
  </reporter-output>
  <suite started-at="2025-06-12T20:52:14 IST" name="Default suite" finished-at="2025-06-12T20:53:02 IST" duration-ms="47765">
    <groups>
    </groups>
    <test started-at="2025-06-12T20:52:14 IST" name="Default test" finished-at="2025-06-12T20:53:02 IST" duration-ms="47765">
      <class name="tests.TemporaryTest">
        <test-method is-config="true" signature="setup()[pri:0, instance:tests.TemporaryTest@2b71e916]" started-at="2025-06-12T20:52:02 IST" name="setup" finished-at="2025-06-12T20:52:14 IST" duration-ms="12092" status="PASS">
          <reporter-output>
          </reporter-output>
        </test-method> <!-- setup -->
        <test-method signature="medicoPositiveFlow()[pri:0, instance:tests.TemporaryTest@2b71e916]" started-at="2025-06-12T20:52:14 IST" name="medicoPositiveFlow" finished-at="2025-06-12T20:53:02 IST" duration-ms="47747" status="PASS">
          <reporter-output>
          </reporter-output>
        </test-method> <!-- medicoPositiveFlow -->
        <test-method is-config="true" signature="teardown()[pri:0, instance:tests.TemporaryTest@2b71e916]" started-at="2025-06-12T20:53:02 IST" name="teardown" finished-at="2025-06-12T20:53:02 IST" duration-ms="16" status="PASS">
          <reporter-output>
          </reporter-output>
        </test-method> <!-- teardown -->
      </class> <!-- tests.TemporaryTest -->
    </test> <!-- Default test -->
  </suite> <!-- Default suite -->
</testng-results>
