<?xml version="1.0" encoding="UTF-8"?>
<testng-results ignored="0" total="1" passed="1" failed="0" skipped="0">
  <reporter-output>
  </reporter-output>
  <suite started-at="2025-05-27T20:57:22 PDT" name="Default suite" finished-at="2025-05-27T20:58:54 PDT" duration-ms="91862">
    <groups>
    </groups>
    <test started-at="2025-05-27T20:57:22 PDT" name="Default test" finished-at="2025-05-27T20:58:54 PDT" duration-ms="91862">
      <class name="tests.TeleConE2ETest">
        <test-method is-config="true" signature="setup()[pri:0, instance:tests.TeleConE2ETest@2b71e916]" started-at="2025-05-27T20:56:53 PDT" name="setup" finished-at="2025-05-27T20:57:22 PDT" duration-ms="28949" status="PASS">
          <reporter-output>
          </reporter-output>
        </test-method> <!-- setup -->
        <test-method signature="medicoPositiveFlow()[pri:0, instance:tests.TeleConE2ETest@2b71e916]" started-at="2025-05-27T20:57:22 PDT" name="medicoPositiveFlow" finished-at="2025-05-27T20:58:54 PDT" duration-ms="91841" status="PASS">
          <reporter-output>
          </reporter-output>
        </test-method> <!-- medicoPositiveFlow -->
        <test-method is-config="true" signature="teardown()[pri:0, instance:tests.TeleConE2ETest@2b71e916]" started-at="2025-05-27T20:58:54 PDT" name="teardown" finished-at="2025-05-27T20:58:54 PDT" duration-ms="40" status="PASS">
          <reporter-output>
          </reporter-output>
        </test-method> <!-- teardown -->
      </class> <!-- tests.TeleConE2ETest -->
    </test> <!-- Default test -->
  </suite> <!-- Default suite -->
</testng-results>
