<?xml version="1.0" encoding="UTF-8"?>
<testng-results ignored="0" total="1" passed="1" failed="0" skipped="0">
  <reporter-output>
  </reporter-output>
  <suite started-at="2025-06-02T17:51:50 IST" name="Default suite" finished-at="2025-06-02T17:54:06 IST" duration-ms="135297">
    <groups>
    </groups>
    <test started-at="2025-06-02T17:51:50 IST" name="Default test" finished-at="2025-06-02T17:54:06 IST" duration-ms="135297">
      <class name="tests.TeleConE2ETest">
        <test-method is-config="true" signature="setup()[pri:0, instance:tests.TeleConE2ETest@2b71e916]" started-at="2025-06-02T17:51:20 IST" name="setup" finished-at="2025-06-02T17:51:50 IST" duration-ms="29953" status="PASS">
          <reporter-output>
          </reporter-output>
        </test-method> <!-- setup -->
        <test-method signature="medicoPositiveFlow()[pri:0, instance:tests.TeleConE2ETest@2b71e916]" started-at="2025-06-02T17:51:50 IST" name="medicoPositiveFlow" finished-at="2025-06-02T17:54:06 IST" duration-ms="135279" status="PASS">
          <reporter-output>
          </reporter-output>
        </test-method> <!-- medicoPositiveFlow -->
        <test-method is-config="true" signature="teardown()[pri:0, instance:tests.TeleConE2ETest@2b71e916]" started-at="2025-06-02T17:54:06 IST" name="teardown" finished-at="2025-06-02T17:54:06 IST" duration-ms="35" status="PASS">
          <reporter-output>
          </reporter-output>
        </test-method> <!-- teardown -->
      </class> <!-- tests.TeleConE2ETest -->
    </test> <!-- Default test -->
  </suite> <!-- Default suite -->
</testng-results>
